# Logfile created on 2018-07-11 17:33:56 +0100 by logger.rb/54362
I, [2018-07-11T17:33:56.948650 #21771]  INFO -- : Net::HTTP::Get: /
D, [2018-07-11T17:33:56.948839 #21771] DEBUG -- : request-header: accept-encoding => gzip,deflate,identity
D, [2018-07-11T17:33:56.948925 #21771] DEBUG -- : request-header: accept => */*
D, [2018-07-11T17:33:56.948985 #21771] DEBUG -- : request-header: user-agent => Mozilla/5.0 (Macintosh; Intel Mac OS X 10_11_2) AppleWebKit/601.3.9 (KHTML, like Gecko) Version/9.0.2 Safari/601.3.9
D, [2018-07-11T17:33:56.949044 #21771] DEBUG -- : request-header: accept-charset => ISO-8859-1,utf-8;q=0.7,*;q=0.7
D, [2018-07-11T17:33:56.949101 #21771] DEBUG -- : request-header: accept-language => en-us,en;q=0.5
D, [2018-07-11T17:33:56.949157 #21771] DEBUG -- : request-header: host => www.google.com
I, [2018-07-11T17:33:57.047289 #21771]  INFO -- : status: Net::HTTPFound 1.1 302 Found
D, [2018-07-11T17:33:57.047520 #21771] DEBUG -- : response-header: location => https://www.google.com/?gws_rd=ssl
D, [2018-07-11T17:33:57.047596 #21771] DEBUG -- : response-header: cache-control => private
D, [2018-07-11T17:33:57.047661 #21771] DEBUG -- : response-header: content-type => text/html; charset=UTF-8
D, [2018-07-11T17:33:57.047722 #21771] DEBUG -- : response-header: p3p => CP="This is not a P3P policy! See g.co/p3phelp for more info."
D, [2018-07-11T17:33:57.047775 #21771] DEBUG -- : response-header: date => Wed, 11 Jul 2018 16:33:57 GMT
D, [2018-07-11T17:33:57.047825 #21771] DEBUG -- : response-header: server => gws
D, [2018-07-11T17:33:57.047873 #21771] DEBUG -- : response-header: content-length => 231
D, [2018-07-11T17:33:57.047952 #21771] DEBUG -- : response-header: x-xss-protection => 1; mode=block
D, [2018-07-11T17:33:57.048019 #21771] DEBUG -- : response-header: x-frame-options => SAMEORIGIN
D, [2018-07-11T17:33:57.048092 #21771] DEBUG -- : response-header: set-cookie => 1P_JAR=2018-07-11-16; expires=Fri, 10-Aug-2018 16:33:57 GMT; path=/; domain=.google.com, NID=134=OYcK7UTX5Zeaknq7E0grbC5mIpV9A4RGcS1zzVYMhkAufgBR8Q2t-mFZAga-YvIjvw2pUqlHD6WIAi6IhZDwMcxM3m1XrN1kqIpOONR_thhwF5VUqUhjqyNLS5lb8Cm5; expires=Thu, 10-Jan-2019 16:33:57 GMT; path=/; domain=.google.com; HttpOnly, CONSENT=WP.26f193; expires=Fri, 01-Jan-2038 00:00:00 GMT; path=/; domain=.google.com
D, [2018-07-11T17:33:57.048317 #21771] DEBUG -- : Read 231 bytes (231 total)
D, [2018-07-11T17:33:57.054993 #21771] DEBUG -- : saved cookie: 1P_JAR=2018-07-11-16
D, [2018-07-11T17:33:57.055634 #21771] DEBUG -- : saved cookie: NID=134=OYcK7UTX5Zeaknq7E0grbC5mIpV9A4RGcS1zzVYMhkAufgBR8Q2t-mFZAga-YvIjvw2pUqlHD6WIAi6IhZDwMcxM3m1XrN1kqIpOONR_thhwF5VUqUhjqyNLS5lb8Cm5
D, [2018-07-11T17:33:57.056218 #21771] DEBUG -- : saved cookie: CONSENT=WP.26f193
I, [2018-07-11T17:33:57.056428 #21771]  INFO -- : follow redirect to: https://www.google.com/?gws_rd=ssl
I, [2018-07-11T17:33:57.057453 #21771]  INFO -- : Net::HTTP::Get: /?gws_rd=ssl
D, [2018-07-11T17:33:57.057600 #21771] DEBUG -- : request-header: accept-encoding => gzip,deflate,identity
D, [2018-07-11T17:33:57.057667 #21771] DEBUG -- : request-header: accept => */*
D, [2018-07-11T17:33:57.057727 #21771] DEBUG -- : request-header: user-agent => Mozilla/5.0 (Macintosh; Intel Mac OS X 10_11_2) AppleWebKit/601.3.9 (KHTML, like Gecko) Version/9.0.2 Safari/601.3.9
D, [2018-07-11T17:33:57.057786 #21771] DEBUG -- : request-header: accept-charset => ISO-8859-1,utf-8;q=0.7,*;q=0.7
D, [2018-07-11T17:33:57.057842 #21771] DEBUG -- : request-header: accept-language => en-us,en;q=0.5
D, [2018-07-11T17:33:57.057890 #21771] DEBUG -- : request-header: cookie => 1P_JAR=2018-07-11-16; CONSENT=WP.26f193; NID=134=OYcK7UTX5Zeaknq7E0grbC5mIpV9A4RGcS1zzVYMhkAufgBR8Q2t-mFZAga-YvIjvw2pUqlHD6WIAi6IhZDwMcxM3m1XrN1kqIpOONR_thhwF5VUqUhjqyNLS5lb8Cm5
D, [2018-07-11T17:33:57.057933 #21771] DEBUG -- : request-header: host => www.google.com
I, [2018-07-11T17:33:57.420861 #21771]  INFO -- : status: Net::HTTPOK 1.1 200 OK
D, [2018-07-11T17:33:57.421282 #21771] DEBUG -- : response-header: date => Wed, 11 Jul 2018 16:33:57 GMT
D, [2018-07-11T17:33:57.421403 #21771] DEBUG -- : response-header: expires => -1
D, [2018-07-11T17:33:57.421492 #21771] DEBUG -- : response-header: cache-control => private, max-age=0
D, [2018-07-11T17:33:57.421616 #21771] DEBUG -- : response-header: content-type => text/html; charset=UTF-8
D, [2018-07-11T17:33:57.421778 #21771] DEBUG -- : response-header: strict-transport-security => max-age=86400
D, [2018-07-11T17:33:57.421833 #21771] DEBUG -- : response-header: p3p => CP="This is not a P3P policy! See g.co/p3phelp for more info."
D, [2018-07-11T17:33:57.421887 #21771] DEBUG -- : response-header: content-encoding => gzip
D, [2018-07-11T17:33:57.421937 #21771] DEBUG -- : response-header: server => gws
D, [2018-07-11T17:33:57.421985 #21771] DEBUG -- : response-header: x-xss-protection => 1; mode=block
D, [2018-07-11T17:33:57.422035 #21771] DEBUG -- : response-header: x-frame-options => SAMEORIGIN
D, [2018-07-11T17:33:57.422099 #21771] DEBUG -- : response-header: set-cookie => 1P_JAR=2018-07-11-16; expires=Fri, 10-Aug-2018 16:33:57 GMT; path=/; domain=.google.com, NID=134=fMOYQJ4dg1nabaesr8fZp-mxJyChWHPHTXO1Ou-hdltBlwYfdY1Iz1nOW9kKmFPKffLHq0tbNgCeUUO6UYDwcWTwnqBvEeMHnSaGb334EoXSvkWzyhFpyisarcTM-YAa; expires=Thu, 10-Jan-2019 16:33:57 GMT; path=/; domain=.google.com; HttpOnly
D, [2018-07-11T17:33:57.422159 #21771] DEBUG -- : response-header: alt-svc => quic=":443"; ma=2592000; v="43,42,41,39,35"
D, [2018-07-11T17:33:57.422212 #21771] DEBUG -- : response-header: transfer-encoding => chunked
D, [2018-07-11T17:33:57.422499 #21771] DEBUG -- : Read 1 bytes (1 total)
D, [2018-07-11T17:33:57.422639 #21771] DEBUG -- : Read 1 bytes (2 total)
D, [2018-07-11T17:33:57.422732 #21771] DEBUG -- : Read 1 bytes (3 total)
D, [2018-07-11T17:33:57.422824 #21771] DEBUG -- : Read 1 bytes (4 total)
D, [2018-07-11T17:33:57.422909 #21771] DEBUG -- : Read 1 bytes (5 total)
D, [2018-07-11T17:33:57.423268 #21771] DEBUG -- : Read 1 bytes (6 total)
D, [2018-07-11T17:33:57.423409 #21771] DEBUG -- : Read 1 bytes (7 total)
D, [2018-07-11T17:33:57.423496 #21771] DEBUG -- : Read 1 bytes (8 total)
D, [2018-07-11T17:33:57.423575 #21771] DEBUG -- : Read 1 bytes (9 total)
D, [2018-07-11T17:33:57.423752 #21771] DEBUG -- : Read 1 bytes (10 total)
D, [2018-07-11T17:33:57.423986 #21771] DEBUG -- : Read 1 bytes (11 total)
D, [2018-07-11T17:33:57.424084 #21771] DEBUG -- : Read 1 bytes (12 total)
D, [2018-07-11T17:33:57.424178 #21771] DEBUG -- : Read 1 bytes (13 total)
D, [2018-07-11T17:33:57.424419 #21771] DEBUG -- : Read 1 bytes (14 total)
D, [2018-07-11T17:33:57.424511 #21771] DEBUG -- : Read 1 bytes (15 total)
D, [2018-07-11T17:33:57.424594 #21771] DEBUG -- : Read 1 bytes (16 total)
D, [2018-07-11T17:33:57.424674 #21771] DEBUG -- : Read 1 bytes (17 total)
D, [2018-07-11T17:33:57.424873 #21771] DEBUG -- : Read 1 bytes (18 total)
D, [2018-07-11T17:33:57.424986 #21771] DEBUG -- : Read 1 bytes (19 total)
D, [2018-07-11T17:33:57.425084 #21771] DEBUG -- : Read 1 bytes (20 total)
D, [2018-07-11T17:33:57.425175 #21771] DEBUG -- : Read 1 bytes (21 total)
D, [2018-07-11T17:33:57.425439 #21771] DEBUG -- : Read 134 bytes (155 total)
D, [2018-07-11T17:33:57.425649 #21771] DEBUG -- : Read 1179 bytes (1334 total)
D, [2018-07-11T17:33:57.425812 #21771] DEBUG -- : Read 1179 bytes (2513 total)
D, [2018-07-11T17:33:57.426088 #21771] DEBUG -- : Read 1179 bytes (3692 total)
D, [2018-07-11T17:33:57.426260 #21771] DEBUG -- : Read 1179 bytes (4871 total)
D, [2018-07-11T17:33:57.426421 #21771] DEBUG -- : Read 1179 bytes (6050 total)
D, [2018-07-11T17:33:57.426716 #21771] DEBUG -- : Read 1179 bytes (7229 total)
D, [2018-07-11T17:33:57.426868 #21771] DEBUG -- : Read 615 bytes (7844 total)
D, [2018-07-11T17:33:57.427071 #21771] DEBUG -- : Read 1 bytes (7845 total)
D, [2018-07-11T17:33:57.427294 #21771] DEBUG -- : Read 1 bytes (7846 total)
D, [2018-07-11T17:33:57.427949 #21771] DEBUG -- : Read 1 bytes (7847 total)
D, [2018-07-11T17:33:57.428133 #21771] DEBUG -- : Read 1 bytes (7848 total)
D, [2018-07-11T17:33:57.428226 #21771] DEBUG -- : Read 1 bytes (7849 total)
D, [2018-07-11T17:33:57.428430 #21771] DEBUG -- : Read 25 bytes (7874 total)
D, [2018-07-11T17:33:57.428633 #21771] DEBUG -- : Read 1 bytes (7875 total)
D, [2018-07-11T17:33:57.428754 #21771] DEBUG -- : Read 1 bytes (7876 total)
D, [2018-07-11T17:33:57.428858 #21771] DEBUG -- : Read 1 bytes (7877 total)
D, [2018-07-11T17:33:57.428955 #21771] DEBUG -- : Read 1 bytes (7878 total)
D, [2018-07-11T17:33:57.429046 #21771] DEBUG -- : Read 1 bytes (7879 total)
D, [2018-07-11T17:33:57.429142 #21771] DEBUG -- : Read 1 bytes (7880 total)
D, [2018-07-11T17:33:57.429275 #21771] DEBUG -- : Read 1 bytes (7881 total)
D, [2018-07-11T17:33:57.429383 #21771] DEBUG -- : Read 1 bytes (7882 total)
D, [2018-07-11T17:33:57.429544 #21771] DEBUG -- : Read 1 bytes (7883 total)
D, [2018-07-11T17:33:57.429650 #21771] DEBUG -- : Read 1 bytes (7884 total)
D, [2018-07-11T17:33:57.429748 #21771] DEBUG -- : Read 1 bytes (7885 total)
D, [2018-07-11T17:33:57.429858 #21771] DEBUG -- : Read 1 bytes (7886 total)
D, [2018-07-11T17:33:57.429953 #21771] DEBUG -- : Read 1 bytes (7887 total)
D, [2018-07-11T17:33:57.430159 #21771] DEBUG -- : Read 1 bytes (7888 total)
D, [2018-07-11T17:33:57.430274 #21771] DEBUG -- : Read 1 bytes (7889 total)
D, [2018-07-11T17:33:57.430368 #21771] DEBUG -- : Read 984 bytes (8873 total)
D, [2018-07-11T17:33:57.430526 #21771] DEBUG -- : Read 1179 bytes (10052 total)
D, [2018-07-11T17:33:57.430677 #21771] DEBUG -- : Read 1179 bytes (11231 total)
D, [2018-07-11T17:33:57.430849 #21771] DEBUG -- : Read 1179 bytes (12410 total)
D, [2018-07-11T17:33:57.431016 #21771] DEBUG -- : Read 1179 bytes (13589 total)
D, [2018-07-11T17:33:57.435600 #21771] DEBUG -- : Read 1179 bytes (14768 total)
D, [2018-07-11T17:33:57.435886 #21771] DEBUG -- : Read 1179 bytes (15947 total)
D, [2018-07-11T17:33:57.436679 #21771] DEBUG -- : Read 1179 bytes (17126 total)
D, [2018-07-11T17:33:57.437128 #21771] DEBUG -- : Read 1179 bytes (18305 total)
D, [2018-07-11T17:33:57.442961 #21771] DEBUG -- : Read 1179 bytes (19484 total)
D, [2018-07-11T17:33:57.443249 #21771] DEBUG -- : Read 1179 bytes (20663 total)
D, [2018-07-11T17:33:57.444068 #21771] DEBUG -- : Read 1179 bytes (21842 total)
D, [2018-07-11T17:33:57.444627 #21771] DEBUG -- : Read 1179 bytes (23021 total)
D, [2018-07-11T17:33:57.445272 #21771] DEBUG -- : Read 432 bytes (23453 total)
D, [2018-07-11T17:33:57.445770 #21771] DEBUG -- : Read 1 bytes (23454 total)
D, [2018-07-11T17:33:57.445919 #21771] DEBUG -- : Read 1 bytes (23455 total)
D, [2018-07-11T17:33:57.446015 #21771] DEBUG -- : Read 1 bytes (23456 total)
D, [2018-07-11T17:33:57.446108 #21771] DEBUG -- : Read 1 bytes (23457 total)
D, [2018-07-11T17:33:57.446297 #21771] DEBUG -- : Read 1 bytes (23458 total)
D, [2018-07-11T17:33:57.446414 #21771] DEBUG -- : Read 1 bytes (23459 total)
D, [2018-07-11T17:33:57.446516 #21771] DEBUG -- : Read 1 bytes (23460 total)
D, [2018-07-11T17:33:57.446807 #21771] DEBUG -- : Read 1081 bytes (24541 total)
D, [2018-07-11T17:33:57.446990 #21771] DEBUG -- : Read 1179 bytes (25720 total)
D, [2018-07-11T17:33:57.447118 #21771] DEBUG -- : Read 1179 bytes (26899 total)
D, [2018-07-11T17:33:57.448340 #21771] DEBUG -- : Read 1179 bytes (28078 total)
D, [2018-07-11T17:33:57.448542 #21771] DEBUG -- : Read 1179 bytes (29257 total)
D, [2018-07-11T17:33:57.449417 #21771] DEBUG -- : Read 1179 bytes (30436 total)
D, [2018-07-11T17:33:57.449847 #21771] DEBUG -- : Read 1179 bytes (31615 total)
D, [2018-07-11T17:33:57.450432 #21771] DEBUG -- : Read 1179 bytes (32794 total)
D, [2018-07-11T17:33:57.450959 #21771] DEBUG -- : Read 1179 bytes (33973 total)
D, [2018-07-11T17:33:57.451636 #21771] DEBUG -- : Read 1179 bytes (35152 total)
D, [2018-07-11T17:33:57.452146 #21771] DEBUG -- : Read 1179 bytes (36331 total)
D, [2018-07-11T17:33:57.455810 #21771] DEBUG -- : Read 1179 bytes (37510 total)
D, [2018-07-11T17:33:57.456276 #21771] DEBUG -- : Read 1179 bytes (38689 total)
D, [2018-07-11T17:33:57.456871 #21771] DEBUG -- : Read 1142 bytes (39831 total)
D, [2018-07-11T17:33:57.457474 #21771] DEBUG -- : Read 1 bytes (39832 total)
D, [2018-07-11T17:33:57.457610 #21771] DEBUG -- : Read 1 bytes (39833 total)
D, [2018-07-11T17:33:57.457716 #21771] DEBUG -- : Read 1 bytes (39834 total)
D, [2018-07-11T17:33:57.457960 #21771] DEBUG -- : Read 1 bytes (39835 total)
D, [2018-07-11T17:33:57.458092 #21771] DEBUG -- : Read 1 bytes (39836 total)
D, [2018-07-11T17:33:57.458194 #21771] DEBUG -- : Read 1 bytes (39837 total)
D, [2018-07-11T17:33:57.458425 #21771] DEBUG -- : Read 1 bytes (39838 total)
D, [2018-07-11T17:33:57.458541 #21771] DEBUG -- : Read 1 bytes (39839 total)
D, [2018-07-11T17:33:57.458641 #21771] DEBUG -- : Read 1 bytes (39840 total)
D, [2018-07-11T17:33:57.458728 #21771] DEBUG -- : Read 1 bytes (39841 total)
D, [2018-07-11T17:33:57.458823 #21771] DEBUG -- : Read 1 bytes (39842 total)
D, [2018-07-11T17:33:57.459161 #21771] DEBUG -- : Read 1 bytes (39843 total)
D, [2018-07-11T17:33:57.459381 #21771] DEBUG -- : Read 1 bytes (39844 total)
D, [2018-07-11T17:33:57.459499 #21771] DEBUG -- : Read 1 bytes (39845 total)
D, [2018-07-11T17:33:57.459730 #21771] DEBUG -- : Read 1 bytes (39846 total)
D, [2018-07-11T17:33:57.459851 #21771] DEBUG -- : Read 1 bytes (39847 total)
D, [2018-07-11T17:33:57.459947 #21771] DEBUG -- : Read 1 bytes (39848 total)
D, [2018-07-11T17:33:57.460047 #21771] DEBUG -- : Read 1 bytes (39849 total)
D, [2018-07-11T17:33:57.460143 #21771] DEBUG -- : Read 1 bytes (39850 total)
D, [2018-07-11T17:33:57.460238 #21771] DEBUG -- : Read 1 bytes (39851 total)
D, [2018-07-11T17:33:57.460351 #21771] DEBUG -- : Read 920 bytes (40771 total)
D, [2018-07-11T17:33:57.460505 #21771] DEBUG -- : Read 1179 bytes (41950 total)
D, [2018-07-11T17:33:57.460660 #21771] DEBUG -- : Read 1179 bytes (43129 total)
D, [2018-07-11T17:33:57.460794 #21771] DEBUG -- : Read 1179 bytes (44308 total)
D, [2018-07-11T17:33:57.461085 #21771] DEBUG -- : Read 1179 bytes (45487 total)
D, [2018-07-11T17:33:57.461216 #21771] DEBUG -- : Read 1179 bytes (46666 total)
D, [2018-07-11T17:33:57.462131 #21771] DEBUG -- : Read 1179 bytes (47845 total)
D, [2018-07-11T17:33:57.462485 #21771] DEBUG -- : Read 1179 bytes (49024 total)
D, [2018-07-11T17:33:57.463067 #21771] DEBUG -- : Read 1179 bytes (50203 total)
D, [2018-07-11T17:33:57.463662 #21771] DEBUG -- : Read 1179 bytes (51382 total)
D, [2018-07-11T17:33:57.464278 #21771] DEBUG -- : Read 1179 bytes (52561 total)
D, [2018-07-11T17:33:57.464873 #21771] DEBUG -- : Read 1179 bytes (53740 total)
D, [2018-07-11T17:33:57.465338 #21771] DEBUG -- : Read 1179 bytes (54919 total)
D, [2018-07-11T17:33:57.465979 #21771] DEBUG -- : Read 1179 bytes (56098 total)
D, [2018-07-11T17:33:57.466132 #21771] DEBUG -- : Read 117 bytes (56215 total)
D, [2018-07-11T17:33:57.466686 #21771] DEBUG -- : Read 1 bytes (56216 total)
D, [2018-07-11T17:33:57.466843 #21771] DEBUG -- : Read 1 bytes (56217 total)
D, [2018-07-11T17:33:57.467022 #21771] DEBUG -- : Read 1 bytes (56218 total)
D, [2018-07-11T17:33:57.467276 #21771] DEBUG -- : Read 1 bytes (56219 total)
D, [2018-07-11T17:33:57.467400 #21771] DEBUG -- : Read 1 bytes (56220 total)
D, [2018-07-11T17:33:57.467493 #21771] DEBUG -- : Read 1 bytes (56221 total)
D, [2018-07-11T17:33:57.467576 #21771] DEBUG -- : Read 1 bytes (56222 total)
D, [2018-07-11T17:33:57.468194 #21771] DEBUG -- : Read 1 bytes (56223 total)
D, [2018-07-11T17:33:57.468484 #21771] DEBUG -- : Read 1 bytes (56224 total)
D, [2018-07-11T17:33:57.468602 #21771] DEBUG -- : Read 1 bytes (56225 total)
D, [2018-07-11T17:33:57.468692 #21771] DEBUG -- : Read 1 bytes (56226 total)
D, [2018-07-11T17:33:57.468775 #21771] DEBUG -- : Read 628 bytes (56854 total)
D, [2018-07-11T17:33:57.469126 #21771] DEBUG -- : Read 1 bytes (56855 total)
D, [2018-07-11T17:33:57.469386 #21771] DEBUG -- : Read 1 bytes (56856 total)
D, [2018-07-11T17:33:57.469643 #21771] DEBUG -- : Read 1 bytes (56857 total)
D, [2018-07-11T17:33:57.469774 #21771] DEBUG -- : Read 1 bytes (56858 total)
D, [2018-07-11T17:33:57.469865 #21771] DEBUG -- : Read 1 bytes (56859 total)
D, [2018-07-11T17:33:57.470103 #21771] DEBUG -- : Read 1 bytes (56860 total)
D, [2018-07-11T17:33:57.470201 #21771] DEBUG -- : Read 1 bytes (56861 total)
D, [2018-07-11T17:33:57.470342 #21771] DEBUG -- : Read 1 bytes (56862 total)
D, [2018-07-11T17:33:57.470464 #21771] DEBUG -- : Read 1 bytes (56863 total)
D, [2018-07-11T17:33:57.470674 #21771] DEBUG -- : Read 1 bytes (56864 total)
D, [2018-07-11T17:33:57.470800 #21771] DEBUG -- : Read 1 bytes (56865 total)
D, [2018-07-11T17:33:57.470893 #21771] DEBUG -- : Read 1 bytes (56866 total)
D, [2018-07-11T17:33:57.471096 #21771] DEBUG -- : Read 1 bytes (56867 total)
D, [2018-07-11T17:33:57.471355 #21771] DEBUG -- : Read 1 bytes (56868 total)
D, [2018-07-11T17:33:57.471491 #21771] DEBUG -- : Read 1 bytes (56869 total)
D, [2018-07-11T17:33:57.471668 #21771] DEBUG -- : Read 1 bytes (56870 total)
D, [2018-07-11T17:33:57.471773 #21771] DEBUG -- : Read 1 bytes (56871 total)
D, [2018-07-11T17:33:57.471857 #21771] DEBUG -- : Read 1 bytes (56872 total)
D, [2018-07-11T17:33:57.471943 #21771] DEBUG -- : Read 139 bytes (57011 total)
D, [2018-07-11T17:33:57.472236 #21771] DEBUG -- : Read 1 bytes (57012 total)
D, [2018-07-11T17:33:57.472383 #21771] DEBUG -- : Read 1 bytes (57013 total)
D, [2018-07-11T17:33:57.472499 #21771] DEBUG -- : Read 1152 bytes (58165 total)
D, [2018-07-11T17:33:57.472831 #21771] DEBUG -- : Read 1179 bytes (59344 total)
D, [2018-07-11T17:33:57.473194 #21771] DEBUG -- : Read 1179 bytes (60523 total)
D, [2018-07-11T17:33:57.473478 #21771] DEBUG -- : Read 1179 bytes (61702 total)
D, [2018-07-11T17:33:57.473700 #21771] DEBUG -- : Read 1179 bytes (62881 total)
D, [2018-07-11T17:33:57.473867 #21771] DEBUG -- : Read 1179 bytes (64060 total)
D, [2018-07-11T17:33:57.474010 #21771] DEBUG -- : Read 1179 bytes (65239 total)
D, [2018-07-11T17:33:57.474147 #21771] DEBUG -- : Read 1179 bytes (66418 total)
D, [2018-07-11T17:33:57.474273 #21771] DEBUG -- : Read 1179 bytes (67597 total)
D, [2018-07-11T17:33:57.474509 #21771] DEBUG -- : Read 1179 bytes (68776 total)
D, [2018-07-11T17:33:57.474680 #21771] DEBUG -- : Read 1179 bytes (69955 total)
D, [2018-07-11T17:33:57.474828 #21771] DEBUG -- : Read 1179 bytes (71134 total)
D, [2018-07-11T17:33:57.474954 #21771] DEBUG -- : Read 256 bytes (71390 total)
D, [2018-07-11T17:33:57.475263 #21771] DEBUG -- : gzip response
D, [2018-07-11T17:33:57.517634 #21771] DEBUG -- : saved cookie: 1P_JAR=2018-07-11-16
D, [2018-07-11T17:33:57.518160 #21771] DEBUG -- : saved cookie: NID=134=fMOYQJ4dg1nabaesr8fZp-mxJyChWHPHTXO1Ou-hdltBlwYfdY1Iz1nOW9kKmFPKffLHq0tbNgCeUUO6UYDwcWTwnqBvEeMHnSaGb334EoXSvkWzyhFpyisarcTM-YAa
I, [2018-07-11T17:33:57.576771 #21771]  INFO -- : form encoding: UTF-8
I, [2018-07-11T17:33:57.578384 #21771]  INFO -- : Net::HTTP::Get: /search?source=hp&ei=dTFGW66aFYPSkwXHsbTIDA&q=Hello
D, [2018-07-11T17:33:57.578610 #21771] DEBUG -- : request-header: accept-encoding => gzip,deflate,identity
D, [2018-07-11T17:33:57.578675 #21771] DEBUG -- : request-header: accept => */*
D, [2018-07-11T17:33:57.578728 #21771] DEBUG -- : request-header: user-agent => Mozilla/5.0 (Macintosh; Intel Mac OS X 10_11_2) AppleWebKit/601.3.9 (KHTML, like Gecko) Version/9.0.2 Safari/601.3.9
D, [2018-07-11T17:33:57.578777 #21771] DEBUG -- : request-header: accept-charset => ISO-8859-1,utf-8;q=0.7,*;q=0.7
D, [2018-07-11T17:33:57.578823 #21771] DEBUG -- : request-header: accept-language => en-us,en;q=0.5
D, [2018-07-11T17:33:57.578873 #21771] DEBUG -- : request-header: cookie => 1P_JAR=2018-07-11-16; CONSENT=WP.26f193; NID=134=fMOYQJ4dg1nabaesr8fZp-mxJyChWHPHTXO1Ou-hdltBlwYfdY1Iz1nOW9kKmFPKffLHq0tbNgCeUUO6UYDwcWTwnqBvEeMHnSaGb334EoXSvkWzyhFpyisarcTM-YAa
D, [2018-07-11T17:33:57.579211 #21771] DEBUG -- : request-header: host => www.google.com
D, [2018-07-11T17:33:57.579330 #21771] DEBUG -- : request-header: referer => https://www.google.com/?gws_rd=ssl
I, [2018-07-11T17:33:57.654625 #21771]  INFO -- : status: Net::HTTPOK 1.1 200 OK
D, [2018-07-11T17:33:57.654941 #21771] DEBUG -- : response-header: content-type => text/html; charset=UTF-8
D, [2018-07-11T17:33:57.655147 #21771] DEBUG -- : response-header: date => Wed, 11 Jul 2018 16:33:57 GMT
D, [2018-07-11T17:33:57.655212 #21771] DEBUG -- : response-header: expires => -1
D, [2018-07-11T17:33:57.655320 #21771] DEBUG -- : response-header: cache-control => private, max-age=0
D, [2018-07-11T17:33:57.655402 #21771] DEBUG -- : response-header: strict-transport-security => max-age=86400
D, [2018-07-11T17:33:57.655460 #21771] DEBUG -- : response-header: content-encoding => gzip
D, [2018-07-11T17:33:57.655513 #21771] DEBUG -- : response-header: server => gws
D, [2018-07-11T17:33:57.655565 #21771] DEBUG -- : response-header: x-xss-protection => 1; mode=block
D, [2018-07-11T17:33:57.655617 #21771] DEBUG -- : response-header: x-frame-options => SAMEORIGIN
D, [2018-07-11T17:33:57.655772 #21771] DEBUG -- : response-header: set-cookie => 1P_JAR=2018-07-11-16; expires=Fri, 10-Aug-2018 16:33:57 GMT; path=/; domain=.google.com, CGIC=IgMqLyo; expires=Thu, 10-Jan-2019 07:28:33 GMT; path=/complete/search; domain=.google.com; HttpOnly, CGIC=IgMqLyo; expires=Thu, 10-Jan-2019 07:28:33 GMT; path=/search; domain=.google.com; HttpOnly
D, [2018-07-11T17:33:57.655842 #21771] DEBUG -- : response-header: alt-svc => quic=":443"; ma=2592000; v="43,42,41,39,35"
D, [2018-07-11T17:33:57.655906 #21771] DEBUG -- : response-header: transfer-encoding => chunked
D, [2018-07-11T17:33:57.656043 #21771] DEBUG -- : Read 1 bytes (1 total)
D, [2018-07-11T17:33:57.656313 #21771] DEBUG -- : Read 1 bytes (2 total)
D, [2018-07-11T17:33:57.656426 #21771] DEBUG -- : Read 1 bytes (3 total)
D, [2018-07-11T17:33:57.656518 #21771] DEBUG -- : Read 1 bytes (4 total)
D, [2018-07-11T17:33:57.656603 #21771] DEBUG -- : Read 1 bytes (5 total)
D, [2018-07-11T17:33:57.656830 #21771] DEBUG -- : Read 1 bytes (6 total)
D, [2018-07-11T17:33:57.656947 #21771] DEBUG -- : Read 1 bytes (7 total)
D, [2018-07-11T17:33:57.657031 #21771] DEBUG -- : Read 1 bytes (8 total)
D, [2018-07-11T17:33:57.657113 #21771] DEBUG -- : Read 1 bytes (9 total)
D, [2018-07-11T17:33:57.657195 #21771] DEBUG -- : Read 1 bytes (10 total)
D, [2018-07-11T17:33:57.657515 #21771] DEBUG -- : Read 1 bytes (11 total)
D, [2018-07-11T17:33:57.657640 #21771] DEBUG -- : Read 1 bytes (12 total)
D, [2018-07-11T17:33:57.657729 #21771] DEBUG -- : Read 1 bytes (13 total)
D, [2018-07-11T17:33:57.657816 #21771] DEBUG -- : Read 1 bytes (14 total)
D, [2018-07-11T17:33:57.657919 #21771] DEBUG -- : Read 303 bytes (317 total)
D, [2018-07-11T17:33:57.658359 #21771] DEBUG -- : Read 1179 bytes (1496 total)
D, [2018-07-11T17:33:57.658614 #21771] DEBUG -- : Read 1179 bytes (2675 total)
D, [2018-07-11T17:33:57.658778 #21771] DEBUG -- : Read 1179 bytes (3854 total)
D, [2018-07-11T17:33:57.659084 #21771] DEBUG -- : Read 1179 bytes (5033 total)
D, [2018-07-11T17:33:57.659327 #21771] DEBUG -- : Read 1179 bytes (6212 total)
D, [2018-07-11T17:33:57.659475 #21771] DEBUG -- : Read 1179 bytes (7391 total)
D, [2018-07-11T17:33:57.659658 #21771] DEBUG -- : Read 801 bytes (8192 total)
D, [2018-07-11T17:33:57.659801 #21771] DEBUG -- : Read 31 bytes (8223 total)
D, [2018-07-11T17:33:57.660030 #21771] DEBUG -- : Read 1 bytes (8224 total)
D, [2018-07-11T17:33:57.660149 #21771] DEBUG -- : Read 1 bytes (8225 total)
D, [2018-07-11T17:33:57.660242 #21771] DEBUG -- : Read 1 bytes (8226 total)
D, [2018-07-11T17:33:57.660345 #21771] DEBUG -- : Read 1 bytes (8227 total)
D, [2018-07-11T17:33:57.660568 #21771] DEBUG -- : Read 1 bytes (8228 total)
D, [2018-07-11T17:33:57.660687 #21771] DEBUG -- : Read 1 bytes (8229 total)
D, [2018-07-11T17:33:57.660783 #21771] DEBUG -- : Read 1 bytes (8230 total)
D, [2018-07-11T17:33:57.660970 #21771] DEBUG -- : Read 1 bytes (8231 total)
D, [2018-07-11T17:33:57.661080 #21771] DEBUG -- : Read 1 bytes (8232 total)
D, [2018-07-11T17:33:57.661175 #21771] DEBUG -- : Read 1 bytes (8233 total)
D, [2018-07-11T17:33:57.661332 #21771] DEBUG -- : Read 1 bytes (8234 total)
D, [2018-07-11T17:33:57.661520 #21771] DEBUG -- : Read 1 bytes (8235 total)
D, [2018-07-11T17:33:57.661650 #21771] DEBUG -- : Read 1 bytes (8236 total)
D, [2018-07-11T17:33:57.661749 #21771] DEBUG -- : Read 1007 bytes (9243 total)
D, [2018-07-11T17:33:57.661996 #21771] DEBUG -- : Read 1179 bytes (10422 total)
D, [2018-07-11T17:33:57.662169 #21771] DEBUG -- : Read 1179 bytes (11601 total)
D, [2018-07-11T17:33:57.662483 #21771] DEBUG -- : Read 1179 bytes (12780 total)
D, [2018-07-11T17:33:57.662688 #21771] DEBUG -- : Read 1179 bytes (13959 total)
D, [2018-07-11T17:33:57.662962 #21771] DEBUG -- : Read 1179 bytes (15138 total)
D, [2018-07-11T17:33:57.663109 #21771] DEBUG -- : Read 1179 bytes (16317 total)
D, [2018-07-11T17:33:57.663476 #21771] DEBUG -- : Read 1179 bytes (17496 total)
D, [2018-07-11T17:33:57.663719 #21771] DEBUG -- : Read 1179 bytes (18675 total)
D, [2018-07-11T17:33:57.663866 #21771] DEBUG -- : Read 1179 bytes (19854 total)
D, [2018-07-11T17:33:57.663994 #21771] DEBUG -- : Read 1179 bytes (21033 total)
D, [2018-07-11T17:33:57.664289 #21771] DEBUG -- : Read 1179 bytes (22212 total)
D, [2018-07-11T17:33:57.664455 #21771] DEBUG -- : Read 1179 bytes (23391 total)
D, [2018-07-11T17:33:57.664629 #21771] DEBUG -- : Read 1179 bytes (24570 total)
D, [2018-07-11T17:33:57.664906 #21771] DEBUG -- : Read 13 bytes (24583 total)
D, [2018-07-11T17:33:57.665543 #21771] DEBUG -- : Read 1 bytes (24584 total)
D, [2018-07-11T17:33:57.665689 #21771] DEBUG -- : Read 1 bytes (24585 total)
D, [2018-07-11T17:33:57.665922 #21771] DEBUG -- : Read 1 bytes (24586 total)
D, [2018-07-11T17:33:57.666049 #21771] DEBUG -- : Read 1 bytes (24587 total)
D, [2018-07-11T17:33:57.666138 #21771] DEBUG -- : Read 1 bytes (24588 total)
D, [2018-07-11T17:33:57.666293 #21771] DEBUG -- : Read 1 bytes (24589 total)
D, [2018-07-11T17:33:57.666421 #21771] DEBUG -- : Read 1 bytes (24590 total)
D, [2018-07-11T17:33:57.666527 #21771] DEBUG -- : Read 1085 bytes (25675 total)
D, [2018-07-11T17:33:57.666716 #21771] DEBUG -- : Read 1179 bytes (26854 total)
D, [2018-07-11T17:33:57.666857 #21771] DEBUG -- : Read 1179 bytes (28033 total)
D, [2018-07-11T17:33:57.666977 #21771] DEBUG -- : Read 597 bytes (28630 total)
D, [2018-07-11T17:33:58.047885 #21771] DEBUG -- : Read 1 bytes (28631 total)
D, [2018-07-11T17:33:58.048217 #21771] DEBUG -- : Read 1 bytes (28632 total)
D, [2018-07-11T17:33:58.048332 #21771] DEBUG -- : Read 1 bytes (28633 total)
D, [2018-07-11T17:33:58.048439 #21771] DEBUG -- : Read 1 bytes (28634 total)
D, [2018-07-11T17:33:58.048557 #21771] DEBUG -- : Read 1 bytes (28635 total)
D, [2018-07-11T17:33:58.048740 #21771] DEBUG -- : Read 1 bytes (28636 total)
D, [2018-07-11T17:33:58.048840 #21771] DEBUG -- : Read 1 bytes (28637 total)
D, [2018-07-11T17:33:58.048923 #21771] DEBUG -- : Read 1 bytes (28638 total)
D, [2018-07-11T17:33:58.049053 #21771] DEBUG -- : Read 1 bytes (28639 total)
D, [2018-07-11T17:33:58.049462 #21771] DEBUG -- : Read 1 bytes (28640 total)
D, [2018-07-11T17:33:58.049627 #21771] DEBUG -- : Read 1 bytes (28641 total)
D, [2018-07-11T17:33:58.049852 #21771] DEBUG -- : Read 1030 bytes (29671 total)
D, [2018-07-11T17:33:58.050058 #21771] DEBUG -- : Read 1179 bytes (30850 total)
D, [2018-07-11T17:33:58.050209 #21771] DEBUG -- : Read 632 bytes (31482 total)
D, [2018-07-11T17:33:58.050600 #21771] DEBUG -- : Read 1 bytes (31483 total)
D, [2018-07-11T17:33:58.050733 #21771] DEBUG -- : Read 1 bytes (31484 total)
D, [2018-07-11T17:33:58.050909 #21771] DEBUG -- : Read 1 bytes (31485 total)
D, [2018-07-11T17:33:58.051009 #21771] DEBUG -- : Read 1 bytes (31486 total)
D, [2018-07-11T17:33:58.051103 #21771] DEBUG -- : Read 1 bytes (31487 total)
D, [2018-07-11T17:33:58.051200 #21771] DEBUG -- : Read 1 bytes (31488 total)
D, [2018-07-11T17:33:58.051364 #21771] DEBUG -- : Read 1 bytes (31489 total)
D, [2018-07-11T17:33:58.051473 #21771] DEBUG -- : Read 1 bytes (31490 total)
D, [2018-07-11T17:33:58.051570 #21771] DEBUG -- : Read 1067 bytes (32557 total)
D, [2018-07-11T17:33:58.052174 #21771] DEBUG -- : Read 439 bytes (32996 total)
D, [2018-07-11T17:33:58.053513 #21771] DEBUG -- : Read 1 bytes (32997 total)
D, [2018-07-11T17:33:58.054386 #21771] DEBUG -- : Read 1 bytes (32998 total)
D, [2018-07-11T17:33:58.054533 #21771] DEBUG -- : Read 1 bytes (32999 total)
D, [2018-07-11T17:33:58.054728 #21771] DEBUG -- : Read 1 bytes (33000 total)
D, [2018-07-11T17:33:58.054986 #21771] DEBUG -- : Read 1 bytes (33001 total)
D, [2018-07-11T17:33:58.055113 #21771] DEBUG -- : Read 1 bytes (33002 total)
D, [2018-07-11T17:33:58.055366 #21771] DEBUG -- : Read 1 bytes (33003 total)
D, [2018-07-11T17:33:58.055491 #21771] DEBUG -- : Read 1 bytes (33004 total)
D, [2018-07-11T17:33:58.055612 #21771] DEBUG -- : Read 1 bytes (33005 total)
D, [2018-07-11T17:33:58.055882 #21771] DEBUG -- : Read 1 bytes (33006 total)
D, [2018-07-11T17:33:58.056014 #21771] DEBUG -- : Read 1040 bytes (34046 total)
D, [2018-07-11T17:33:58.056314 #21771] DEBUG -- : Read 1179 bytes (35225 total)
D, [2018-07-11T17:33:58.056504 #21771] DEBUG -- : Read 1022 bytes (36247 total)
D, [2018-07-11T17:33:58.056835 #21771] DEBUG -- : Read 1 bytes (36248 total)
D, [2018-07-11T17:33:58.056962 #21771] DEBUG -- : Read 1 bytes (36249 total)
D, [2018-07-11T17:33:58.057352 #21771] DEBUG -- : Read 1 bytes (36250 total)
D, [2018-07-11T17:33:58.057506 #21771] DEBUG -- : Read 1 bytes (36251 total)
D, [2018-07-11T17:33:58.057601 #21771] DEBUG -- : Read 1 bytes (36252 total)
D, [2018-07-11T17:33:58.057883 #21771] DEBUG -- : Read 1 bytes (36253 total)
D, [2018-07-11T17:33:58.058036 #21771] DEBUG -- : Read 1 bytes (36254 total)
D, [2018-07-11T17:33:58.058274 #21771] DEBUG -- : Read 1 bytes (36255 total)
D, [2018-07-11T17:33:58.058428 #21771] DEBUG -- : Read 1 bytes (36256 total)
D, [2018-07-11T17:33:58.058620 #21771] DEBUG -- : Read 1 bytes (36257 total)
D, [2018-07-11T17:33:58.058825 #21771] DEBUG -- : Read 1 bytes (36258 total)
D, [2018-07-11T17:33:58.059064 #21771] DEBUG -- : Read 1 bytes (36259 total)
D, [2018-07-11T17:33:58.059213 #21771] DEBUG -- : Read 1 bytes (36260 total)
D, [2018-07-11T17:33:58.059304 #21771] DEBUG -- : Read 1 bytes (36261 total)
D, [2018-07-11T17:33:58.059395 #21771] DEBUG -- : Read 1 bytes (36262 total)
D, [2018-07-11T17:33:58.059488 #21771] DEBUG -- : Read 1 bytes (36263 total)
D, [2018-07-11T17:33:58.059576 #21771] DEBUG -- : Read 1 bytes (36264 total)
D, [2018-07-11T17:33:58.059678 #21771] DEBUG -- : Read 1 bytes (36265 total)
D, [2018-07-11T17:33:58.059765 #21771] DEBUG -- : Read 1 bytes (36266 total)
D, [2018-07-11T17:33:58.059859 #21771] DEBUG -- : Read 1 bytes (36267 total)
D, [2018-07-11T17:33:58.059943 #21771] DEBUG -- : Read 1 bytes (36268 total)
D, [2018-07-11T17:33:58.060052 #21771] DEBUG -- : Read 898 bytes (37166 total)
D, [2018-07-11T17:33:58.060194 #21771] DEBUG -- : Read 96 bytes (37262 total)
D, [2018-07-11T17:33:58.060353 #21771] DEBUG -- : Read 1 bytes (37263 total)
D, [2018-07-11T17:33:58.060469 #21771] DEBUG -- : Read 1 bytes (37264 total)
D, [2018-07-11T17:33:58.060572 #21771] DEBUG -- : Read 1 bytes (37265 total)
D, [2018-07-11T17:33:58.060661 #21771] DEBUG -- : Read 1 bytes (37266 total)
D, [2018-07-11T17:33:58.060827 #21771] DEBUG -- : Read 1 bytes (37267 total)
D, [2018-07-11T17:33:58.060933 #21771] DEBUG -- : Read 1 bytes (37268 total)
D, [2018-07-11T17:33:58.061037 #21771] DEBUG -- : Read 1 bytes (37269 total)
D, [2018-07-11T17:33:58.061133 #21771] DEBUG -- : Read 1 bytes (37270 total)
D, [2018-07-11T17:33:58.061224 #21771] DEBUG -- : Read 1 bytes (37271 total)
D, [2018-07-11T17:33:58.061398 #21771] DEBUG -- : Read 1 bytes (37272 total)
D, [2018-07-11T17:33:58.061503 #21771] DEBUG -- : Read 1 bytes (37273 total)
D, [2018-07-11T17:33:58.061614 #21771] DEBUG -- : Read 1 bytes (37274 total)
D, [2018-07-11T17:33:58.061721 #21771] DEBUG -- : Read 1 bytes (37275 total)
D, [2018-07-11T17:33:58.061828 #21771] DEBUG -- : Read 1 bytes (37276 total)
D, [2018-07-11T17:33:58.061909 #21771] DEBUG -- : Read 1 bytes (37277 total)
D, [2018-07-11T17:33:58.061996 #21771] DEBUG -- : Read 1 bytes (37278 total)
D, [2018-07-11T17:33:58.062092 #21771] DEBUG -- : Read 1 bytes (37279 total)
D, [2018-07-11T17:33:58.062273 #21771] DEBUG -- : Read 1 bytes (37280 total)
D, [2018-07-11T17:33:58.062449 #21771] DEBUG -- : Read 1 bytes (37281 total)
D, [2018-07-11T17:33:58.062561 #21771] DEBUG -- : Read 1 bytes (37282 total)
D, [2018-07-11T17:33:58.062649 #21771] DEBUG -- : Read 1 bytes (37283 total)
D, [2018-07-11T17:33:58.062817 #21771] DEBUG -- : Read 899 bytes (38182 total)
D, [2018-07-11T17:33:58.062981 #21771] DEBUG -- : Read 52 bytes (38234 total)
D, [2018-07-11T17:33:58.063162 #21771] DEBUG -- : Read 1 bytes (38235 total)
D, [2018-07-11T17:33:58.063264 #21771] DEBUG -- : Read 1 bytes (38236 total)
D, [2018-07-11T17:33:58.063360 #21771] DEBUG -- : Read 1 bytes (38237 total)
D, [2018-07-11T17:33:58.063454 #21771] DEBUG -- : Read 1 bytes (38238 total)
D, [2018-07-11T17:33:58.063670 #21771] DEBUG -- : Read 1 bytes (38239 total)
D, [2018-07-11T17:33:58.063771 #21771] DEBUG -- : Read 1 bytes (38240 total)
D, [2018-07-11T17:33:58.063948 #21771] DEBUG -- : Read 1 bytes (38241 total)
D, [2018-07-11T17:33:58.064060 #21771] DEBUG -- : Read 1 bytes (38242 total)
D, [2018-07-11T17:33:58.064153 #21771] DEBUG -- : Read 1 bytes (38243 total)
D, [2018-07-11T17:33:58.064249 #21771] DEBUG -- : Read 1 bytes (38244 total)
D, [2018-07-11T17:33:58.064446 #21771] DEBUG -- : Read 1 bytes (38245 total)
D, [2018-07-11T17:33:58.064536 #21771] DEBUG -- : Read 1 bytes (38246 total)
D, [2018-07-11T17:33:58.064714 #21771] DEBUG -- : Read 1 bytes (38247 total)
D, [2018-07-11T17:33:58.064855 #21771] DEBUG -- : Read 1002 bytes (39249 total)
D, [2018-07-11T17:33:58.065028 #21771] DEBUG -- : Read 67 bytes (39316 total)
D, [2018-07-11T17:33:58.065328 #21771] DEBUG -- : Read 1 bytes (39317 total)
D, [2018-07-11T17:33:58.065660 #21771] DEBUG -- : Read 1 bytes (39318 total)
D, [2018-07-11T17:33:58.065807 #21771] DEBUG -- : Read 1 bytes (39319 total)
D, [2018-07-11T17:33:58.065924 #21771] DEBUG -- : Read 1 bytes (39320 total)
D, [2018-07-11T17:33:58.066109 #21771] DEBUG -- : Read 1 bytes (39321 total)
D, [2018-07-11T17:33:58.066202 #21771] DEBUG -- : Read 1 bytes (39322 total)
D, [2018-07-11T17:33:58.066294 #21771] DEBUG -- : Read 1 bytes (39323 total)
D, [2018-07-11T17:33:58.066485 #21771] DEBUG -- : Read 1 bytes (39324 total)
D, [2018-07-11T17:33:58.066594 #21771] DEBUG -- : Read 1 bytes (39325 total)
D, [2018-07-11T17:33:58.066701 #21771] DEBUG -- : Read 1 bytes (39326 total)
D, [2018-07-11T17:33:58.066880 #21771] DEBUG -- : Read 1 bytes (39327 total)
D, [2018-07-11T17:33:58.066977 #21771] DEBUG -- : Read 1 bytes (39328 total)
D, [2018-07-11T17:33:58.067078 #21771] DEBUG -- : Read 965 bytes (40293 total)
D, [2018-07-11T17:33:58.067501 #21771] DEBUG -- : Read 1 bytes (40294 total)
D, [2018-07-11T17:33:58.067648 #21771] DEBUG -- : Read 1 bytes (40295 total)
D, [2018-07-11T17:33:58.067909 #21771] DEBUG -- : Read 1 bytes (40296 total)
D, [2018-07-11T17:33:58.068007 #21771] DEBUG -- : Read 1 bytes (40297 total)
D, [2018-07-11T17:33:58.068106 #21771] DEBUG -- : Read 1 bytes (40298 total)
D, [2018-07-11T17:33:58.068269 #21771] DEBUG -- : Read 1 bytes (40299 total)
D, [2018-07-11T17:33:58.068441 #21771] DEBUG -- : Read 1 bytes (40300 total)
D, [2018-07-11T17:33:58.068544 #21771] DEBUG -- : Read 1 bytes (40301 total)
D, [2018-07-11T17:33:58.068719 #21771] DEBUG -- : Read 1 bytes (40302 total)
D, [2018-07-11T17:33:58.068839 #21771] DEBUG -- : Read 1 bytes (40303 total)
D, [2018-07-11T17:33:58.068922 #21771] DEBUG -- : Read 1042 bytes (41345 total)
D, [2018-07-11T17:33:58.069193 #21771] DEBUG -- : Read 750 bytes (42095 total)
D, [2018-07-11T17:33:58.069567 #21771] DEBUG -- : Read 1 bytes (42096 total)
D, [2018-07-11T17:33:58.069866 #21771] DEBUG -- : Read 1 bytes (42097 total)
D, [2018-07-11T17:33:58.070030 #21771] DEBUG -- : Read 1151 bytes (43248 total)
D, [2018-07-11T17:33:58.070250 #21771] DEBUG -- : Read 1179 bytes (44427 total)
D, [2018-07-11T17:33:58.070559 #21771] DEBUG -- : Read 1179 bytes (45606 total)
D, [2018-07-11T17:33:58.070770 #21771] DEBUG -- : Read 1179 bytes (46785 total)
D, [2018-07-11T17:33:58.071166 #21771] DEBUG -- : Read 1179 bytes (47964 total)
D, [2018-07-11T17:33:58.071339 #21771] DEBUG -- : Read 1179 bytes (49143 total)
D, [2018-07-11T17:33:58.071458 #21771] DEBUG -- : Read 1179 bytes (50322 total)
D, [2018-07-11T17:33:58.071608 #21771] DEBUG -- : Read 1179 bytes (51501 total)
D, [2018-07-11T17:33:58.071750 #21771] DEBUG -- : Read 1179 bytes (52680 total)
D, [2018-07-11T17:33:58.071888 #21771] DEBUG -- : Read 1179 bytes (53859 total)
D, [2018-07-11T17:33:58.072017 #21771] DEBUG -- : Read 1179 bytes (55038 total)
D, [2018-07-11T17:33:58.072174 #21771] DEBUG -- : Read 1179 bytes (56217 total)
D, [2018-07-11T17:33:58.072326 #21771] DEBUG -- : Read 1179 bytes (57396 total)
D, [2018-07-11T17:33:58.072609 #21771] DEBUG -- : Read 465 bytes (57861 total)
D, [2018-07-11T17:33:58.072811 #21771] DEBUG -- : Read 1 bytes (57862 total)
D, [2018-07-11T17:33:58.072926 #21771] DEBUG -- : Read 1 bytes (57863 total)
D, [2018-07-11T17:33:58.073110 #21771] DEBUG -- : Read 1 bytes (57864 total)
D, [2018-07-11T17:33:58.073220 #21771] DEBUG -- : Read 1 bytes (57865 total)
D, [2018-07-11T17:33:58.073361 #21771] DEBUG -- : Read 1 bytes (57866 total)
D, [2018-07-11T17:33:58.073448 #21771] DEBUG -- : Read 1 bytes (57867 total)
D, [2018-07-11T17:33:58.073549 #21771] DEBUG -- : Read 1098 bytes (58965 total)
D, [2018-07-11T17:33:58.073702 #21771] DEBUG -- : Read 1179 bytes (60144 total)
D, [2018-07-11T17:33:58.074216 #21771] DEBUG -- : Read 499 bytes (60643 total)
D, [2018-07-11T17:33:58.074438 #21771] DEBUG -- : Read 1 bytes (60644 total)
D, [2018-07-11T17:33:58.074553 #21771] DEBUG -- : Read 1 bytes (60645 total)
D, [2018-07-11T17:33:58.074654 #21771] DEBUG -- : Read 1 bytes (60646 total)
D, [2018-07-11T17:33:58.074752 #21771] DEBUG -- : Read 1 bytes (60647 total)
D, [2018-07-11T17:33:58.074834 #21771] DEBUG -- : Read 1 bytes (60648 total)
D, [2018-07-11T17:33:58.074928 #21771] DEBUG -- : Read 1 bytes (60649 total)
D, [2018-07-11T17:33:58.075010 #21771] DEBUG -- : Read 1 bytes (60650 total)
D, [2018-07-11T17:33:58.075108 #21771] DEBUG -- : Read 1 bytes (60651 total)
D, [2018-07-11T17:33:58.075216 #21771] DEBUG -- : Read 1 bytes (60652 total)
D, [2018-07-11T17:33:58.075311 #21771] DEBUG -- : Read 1 bytes (60653 total)
D, [2018-07-11T17:33:58.075414 #21771] DEBUG -- : Read 1 bytes (60654 total)
D, [2018-07-11T17:33:58.075498 #21771] DEBUG -- : Read 1 bytes (60655 total)
D, [2018-07-11T17:33:58.075663 #21771] DEBUG -- : Read 1 bytes (60656 total)
D, [2018-07-11T17:33:58.075776 #21771] DEBUG -- : Read 1004 bytes (61660 total)
D, [2018-07-11T17:33:58.075932 #21771] DEBUG -- : Read 389 bytes (62049 total)
D, [2018-07-11T17:33:58.082322 #21771] DEBUG -- : Read 1 bytes (62050 total)
D, [2018-07-11T17:33:58.082483 #21771] DEBUG -- : Read 1 bytes (62051 total)
D, [2018-07-11T17:33:58.082589 #21771] DEBUG -- : Read 1 bytes (62052 total)
D, [2018-07-11T17:33:58.083014 #21771] DEBUG -- : Read 1 bytes (62053 total)
D, [2018-07-11T17:33:58.083150 #21771] DEBUG -- : Read 1 bytes (62054 total)
D, [2018-07-11T17:33:58.083249 #21771] DEBUG -- : Read 1 bytes (62055 total)
D, [2018-07-11T17:33:58.083463 #21771] DEBUG -- : Read 1 bytes (62056 total)
D, [2018-07-11T17:33:58.087221 #21771] DEBUG -- : Read 1 bytes (62057 total)
D, [2018-07-11T17:33:58.087412 #21771] DEBUG -- : Read 1 bytes (62058 total)
D, [2018-07-11T17:33:58.087517 #21771] DEBUG -- : Read 1 bytes (62059 total)
D, [2018-07-11T17:33:58.087634 #21771] DEBUG -- : Read 1046 bytes (63105 total)
D, [2018-07-11T17:33:58.088036 #21771] DEBUG -- : Read 1179 bytes (64284 total)
D, [2018-07-11T17:33:58.088290 #21771] DEBUG -- : Read 1179 bytes (65463 total)
D, [2018-07-11T17:33:58.088435 #21771] DEBUG -- : Read 1179 bytes (66642 total)
D, [2018-07-11T17:33:58.088835 #21771] DEBUG -- : Read 1179 bytes (67821 total)
D, [2018-07-11T17:33:58.089083 #21771] DEBUG -- : Read 1179 bytes (69000 total)
D, [2018-07-11T17:33:58.089230 #21771] DEBUG -- : Read 1179 bytes (70179 total)
D, [2018-07-11T17:33:58.089492 #21771] DEBUG -- : Read 1179 bytes (71358 total)
D, [2018-07-11T17:33:58.089715 #21771] DEBUG -- : Read 1179 bytes (72537 total)
D, [2018-07-11T17:33:58.090002 #21771] DEBUG -- : Read 1179 bytes (73716 total)
D, [2018-07-11T17:33:58.090157 #21771] DEBUG -- : Read 1179 bytes (74895 total)
D, [2018-07-11T17:33:58.090385 #21771] DEBUG -- : Read 1179 bytes (76074 total)
D, [2018-07-11T17:33:58.090532 #21771] DEBUG -- : Read 1179 bytes (77253 total)
D, [2018-07-11T17:33:58.090652 #21771] DEBUG -- : Read 422 bytes (77675 total)
D, [2018-07-11T17:33:58.090808 #21771] DEBUG -- : Read 1 bytes (77676 total)
D, [2018-07-11T17:33:58.090929 #21771] DEBUG -- : Read 1 bytes (77677 total)
D, [2018-07-11T17:33:58.091110 #21771] DEBUG -- : Read 1 bytes (77678 total)
D, [2018-07-11T17:33:58.091214 #21771] DEBUG -- : Read 1 bytes (77679 total)
D, [2018-07-11T17:33:58.091332 #21771] DEBUG -- : Read 1 bytes (77680 total)
D, [2018-07-11T17:33:58.091442 #21771] DEBUG -- : Read 1 bytes (77681 total)
D, [2018-07-11T17:33:58.091650 #21771] DEBUG -- : Read 1 bytes (77682 total)
D, [2018-07-11T17:33:58.091850 #21771] DEBUG -- : Read 1 bytes (77683 total)
D, [2018-07-11T17:33:58.091968 #21771] DEBUG -- : Read 1076 bytes (78759 total)
D, [2018-07-11T17:33:58.092242 #21771] DEBUG -- : Read 1179 bytes (79938 total)
D, [2018-07-11T17:33:58.092485 #21771] DEBUG -- : Read 1179 bytes (81117 total)
D, [2018-07-11T17:33:58.092630 #21771] DEBUG -- : Read 1179 bytes (82296 total)
D, [2018-07-11T17:33:58.092970 #21771] DEBUG -- : Read 1179 bytes (83475 total)
D, [2018-07-11T17:33:58.093414 #21771] DEBUG -- : Read 1179 bytes (84654 total)
D, [2018-07-11T17:33:58.093647 #21771] DEBUG -- : Read 1179 bytes (85833 total)
D, [2018-07-11T17:33:58.093784 #21771] DEBUG -- : Read 1179 bytes (87012 total)
D, [2018-07-11T17:33:58.094566 #21771] DEBUG -- : Read 1179 bytes (88191 total)
D, [2018-07-11T17:33:58.094879 #21771] DEBUG -- : Read 1179 bytes (89370 total)
D, [2018-07-11T17:33:58.095123 #21771] DEBUG -- : Read 1179 bytes (90549 total)
D, [2018-07-11T17:33:58.095292 #21771] DEBUG -- : Read 1179 bytes (91728 total)
D, [2018-07-11T17:33:58.095415 #21771] DEBUG -- : Read 1179 bytes (92907 total)
D, [2018-07-11T17:33:58.095548 #21771] DEBUG -- : Read 1179 bytes (94086 total)
D, [2018-07-11T17:33:58.095800 #21771] DEBUG -- : Read 1179 bytes (95265 total)
D, [2018-07-11T17:33:58.096161 #21771] DEBUG -- : Read 1179 bytes (96444 total)
D, [2018-07-11T17:33:58.112549 #21771] DEBUG -- : Read 1179 bytes (97623 total)
D, [2018-07-11T17:33:58.112875 #21771] DEBUG -- : Read 1179 bytes (98802 total)
D, [2018-07-11T17:33:58.113033 #21771] DEBUG -- : Read 1179 bytes (99981 total)
D, [2018-07-11T17:33:58.113842 #21771] DEBUG -- : Read 1179 bytes (101160 total)
D, [2018-07-11T17:33:58.114079 #21771] DEBUG -- : Read 1179 bytes (102339 total)
D, [2018-07-11T17:33:58.114234 #21771] DEBUG -- : Read 1179 bytes (103518 total)
D, [2018-07-11T17:33:58.114833 #21771] DEBUG -- : Read 1179 bytes (104697 total)
D, [2018-07-11T17:33:58.114997 #21771] DEBUG -- : Read 1179 bytes (105876 total)
D, [2018-07-11T17:33:58.115157 #21771] DEBUG -- : Read 1179 bytes (107055 total)
D, [2018-07-11T17:33:58.115362 #21771] DEBUG -- : Read 1179 bytes (108234 total)
D, [2018-07-11T17:33:58.115603 #21771] DEBUG -- : Read 1179 bytes (109413 total)
D, [2018-07-11T17:33:58.115925 #21771] DEBUG -- : Read 1024 bytes (110437 total)
D, [2018-07-11T17:33:58.116306 #21771] DEBUG -- : Read 1 bytes (110438 total)
D, [2018-07-11T17:33:58.116473 #21771] DEBUG -- : Read 5 bytes (110443 total)
D, [2018-07-11T17:33:58.116691 #21771] DEBUG -- : Read 1 bytes (110444 total)
D, [2018-07-11T17:33:58.117034 #21771] DEBUG -- : Read 1 bytes (110445 total)
D, [2018-07-11T17:33:58.117162 #21771] DEBUG -- : Read 1 bytes (110446 total)
D, [2018-07-11T17:33:58.117340 #21771] DEBUG -- : Read 1 bytes (110447 total)
D, [2018-07-11T17:33:58.117475 #21771] DEBUG -- : Read 1 bytes (110448 total)
D, [2018-07-11T17:33:58.117586 #21771] DEBUG -- : Read 1 bytes (110449 total)
D, [2018-07-11T17:33:58.117689 #21771] DEBUG -- : Read 1 bytes (110450 total)
D, [2018-07-11T17:33:58.117785 #21771] DEBUG -- : Read 1 bytes (110451 total)
D, [2018-07-11T17:33:58.117880 #21771] DEBUG -- : Read 1 bytes (110452 total)
D, [2018-07-11T17:33:58.117983 #21771] DEBUG -- : Read 1 bytes (110453 total)
D, [2018-07-11T17:33:58.118094 #21771] DEBUG -- : Read 1 bytes (110454 total)
D, [2018-07-11T17:33:58.118205 #21771] DEBUG -- : Read 1 bytes (110455 total)
D, [2018-07-11T17:33:58.118311 #21771] DEBUG -- : Read 1 bytes (110456 total)
D, [2018-07-11T17:33:58.118422 #21771] DEBUG -- : Read 1011 bytes (111467 total)
D, [2018-07-11T17:33:58.118661 #21771] DEBUG -- : Read 1179 bytes (112646 total)
D, [2018-07-11T17:33:58.119003 #21771] DEBUG -- : Read 1179 bytes (113825 total)
D, [2018-07-11T17:33:58.119149 #21771] DEBUG -- : Read 1179 bytes (115004 total)
D, [2018-07-11T17:33:58.119368 #21771] DEBUG -- : Read 1179 bytes (116183 total)
D, [2018-07-11T17:33:58.119740 #21771] DEBUG -- : Read 1179 bytes (117362 total)
D, [2018-07-11T17:33:58.120042 #21771] DEBUG -- : Read 1179 bytes (118541 total)
D, [2018-07-11T17:33:58.120227 #21771] DEBUG -- : Read 1179 bytes (119720 total)
D, [2018-07-11T17:33:58.120373 #21771] DEBUG -- : Read 1179 bytes (120899 total)
D, [2018-07-11T17:33:58.120671 #21771] DEBUG -- : Read 1179 bytes (122078 total)
D, [2018-07-11T17:33:58.120814 #21771] DEBUG -- : Read 1179 bytes (123257 total)
D, [2018-07-11T17:33:58.120951 #21771] DEBUG -- : Read 1179 bytes (124436 total)
D, [2018-07-11T17:33:58.121308 #21771] DEBUG -- : Read 1179 bytes (125615 total)
D, [2018-07-11T17:33:58.121575 #21771] DEBUG -- : Read 1179 bytes (126794 total)
D, [2018-07-11T17:33:58.121793 #21771] DEBUG -- : Read 1179 bytes (127973 total)
D, [2018-07-11T17:33:58.121950 #21771] DEBUG -- : Read 1179 bytes (129152 total)
D, [2018-07-11T17:33:58.122164 #21771] DEBUG -- : Read 1179 bytes (130331 total)
D, [2018-07-11T17:33:58.122358 #21771] DEBUG -- : Read 1179 bytes (131510 total)
D, [2018-07-11T17:33:58.122584 #21771] DEBUG -- : Read 1179 bytes (132689 total)
D, [2018-07-11T17:33:58.122775 #21771] DEBUG -- : Read 1179 bytes (133868 total)
D, [2018-07-11T17:33:58.123094 #21771] DEBUG -- : Read 1179 bytes (135047 total)
D, [2018-07-11T17:33:58.123322 #21771] DEBUG -- : Read 1179 bytes (136226 total)
D, [2018-07-11T17:33:58.123505 #21771] DEBUG -- : Read 1179 bytes (137405 total)
D, [2018-07-11T17:33:58.123720 #21771] DEBUG -- : Read 1179 bytes (138584 total)
D, [2018-07-11T17:33:58.124100 #21771] DEBUG -- : Read 1179 bytes (139763 total)
D, [2018-07-11T17:33:58.124359 #21771] DEBUG -- : Read 1179 bytes (140942 total)
D, [2018-07-11T17:33:58.124630 #21771] DEBUG -- : Read 1179 bytes (142121 total)
D, [2018-07-11T17:33:58.124811 #21771] DEBUG -- : Read 1084 bytes (143205 total)
D, [2018-07-11T17:33:58.125096 #21771] DEBUG -- : Read 1 bytes (143206 total)
D, [2018-07-11T17:33:58.125212 #21771] DEBUG -- : Read 1 bytes (143207 total)
D, [2018-07-11T17:33:58.125491 #21771] DEBUG -- : Read 1 bytes (143208 total)
D, [2018-07-11T17:33:58.125589 #21771] DEBUG -- : Read 3 bytes (143211 total)
D, [2018-07-11T17:33:58.125866 #21771] DEBUG -- : Read 1 bytes (143212 total)
D, [2018-07-11T17:33:58.125986 #21771] DEBUG -- : Read 1 bytes (143213 total)
D, [2018-07-11T17:33:58.126182 #21771] DEBUG -- : Read 1150 bytes (144363 total)
D, [2018-07-11T17:33:58.126395 #21771] DEBUG -- : Read 1179 bytes (145542 total)
D, [2018-07-11T17:33:58.126576 #21771] DEBUG -- : Read 1179 bytes (146721 total)
D, [2018-07-11T17:33:58.126727 #21771] DEBUG -- : Read 1179 bytes (147900 total)
D, [2018-07-11T17:33:58.126861 #21771] DEBUG -- : Read 1179 bytes (149079 total)
D, [2018-07-11T17:33:58.126986 #21771] DEBUG -- : Read 1179 bytes (150258 total)
D, [2018-07-11T17:33:58.127167 #21771] DEBUG -- : Read 1179 bytes (151437 total)
D, [2018-07-11T17:33:58.127306 #21771] DEBUG -- : Read 1179 bytes (152616 total)
D, [2018-07-11T17:33:58.127444 #21771] DEBUG -- : Read 1179 bytes (153795 total)
D, [2018-07-11T17:33:58.127590 #21771] DEBUG -- : Read 1179 bytes (154974 total)
D, [2018-07-11T17:33:58.127746 #21771] DEBUG -- : Read 1179 bytes (156153 total)
D, [2018-07-11T17:33:58.127890 #21771] DEBUG -- : Read 1179 bytes (157332 total)
D, [2018-07-11T17:33:58.128023 #21771] DEBUG -- : Read 504 bytes (157836 total)
D, [2018-07-11T17:33:58.128185 #21771] DEBUG -- : Read 1 bytes (157837 total)
D, [2018-07-11T17:33:58.128290 #21771] DEBUG -- : Read 1 bytes (157838 total)
D, [2018-07-11T17:33:58.128383 #21771] DEBUG -- : Read 1 bytes (157839 total)
D, [2018-07-11T17:33:58.128486 #21771] DEBUG -- : Read 1 bytes (157840 total)
D, [2018-07-11T17:33:58.128594 #21771] DEBUG -- : Read 1 bytes (157841 total)
D, [2018-07-11T17:33:58.128696 #21771] DEBUG -- : Read 1 bytes (157842 total)
D, [2018-07-11T17:33:58.128823 #21771] DEBUG -- : Read 1 bytes (157843 total)
D, [2018-07-11T17:33:58.129067 #21771] DEBUG -- : Read 1 bytes (157844 total)
D, [2018-07-11T17:33:58.129205 #21771] DEBUG -- : Read 1 bytes (157845 total)
D, [2018-07-11T17:33:58.129349 #21771] DEBUG -- : Read 1 bytes (157846 total)
D, [2018-07-11T17:33:58.129468 #21771] DEBUG -- : Read 1 bytes (157847 total)
D, [2018-07-11T17:33:58.129577 #21771] DEBUG -- : Read 1 bytes (157848 total)
D, [2018-07-11T17:33:58.129683 #21771] DEBUG -- : Read 1 bytes (157849 total)
D, [2018-07-11T17:33:58.129782 #21771] DEBUG -- : Read 1 bytes (157850 total)
D, [2018-07-11T17:33:58.129872 #21771] DEBUG -- : Read 1 bytes (157851 total)
D, [2018-07-11T17:33:58.129961 #21771] DEBUG -- : Read 1 bytes (157852 total)
D, [2018-07-11T17:33:58.130052 #21771] DEBUG -- : Read 1 bytes (157853 total)
D, [2018-07-11T17:33:58.130141 #21771] DEBUG -- : Read 1 bytes (157854 total)
D, [2018-07-11T17:33:58.130233 #21771] DEBUG -- : Read 941 bytes (158795 total)
D, [2018-07-11T17:33:58.130464 #21771] DEBUG -- : Read 1179 bytes (159974 total)
D, [2018-07-11T17:33:58.130631 #21771] DEBUG -- : Read 1179 bytes (161153 total)
D, [2018-07-11T17:33:58.130776 #21771] DEBUG -- : Read 1179 bytes (162332 total)
D, [2018-07-11T17:33:58.130910 #21771] DEBUG -- : Read 1179 bytes (163511 total)
D, [2018-07-11T17:33:58.131045 #21771] DEBUG -- : Read 1179 bytes (164690 total)
D, [2018-07-11T17:33:58.131671 #21771] DEBUG -- : Read 1179 bytes (165869 total)
D, [2018-07-11T17:33:58.132017 #21771] DEBUG -- : Read 1179 bytes (167048 total)
D, [2018-07-11T17:33:58.132544 #21771] DEBUG -- : Read 1179 bytes (168227 total)
D, [2018-07-11T17:33:58.142147 #21771] DEBUG -- : Read 1179 bytes (169406 total)
D, [2018-07-11T17:33:58.142456 #21771] DEBUG -- : Read 1179 bytes (170585 total)
D, [2018-07-11T17:33:58.142656 #21771] DEBUG -- : Read 1179 bytes (171764 total)
D, [2018-07-11T17:33:58.142813 #21771] DEBUG -- : Read 1179 bytes (172943 total)
D, [2018-07-11T17:33:58.142998 #21771] DEBUG -- : Read 396 bytes (173339 total)
D, [2018-07-11T17:33:58.143162 #21771] DEBUG -- : Read 1 bytes (173340 total)
D, [2018-07-11T17:33:58.143265 #21771] DEBUG -- : Read 1 bytes (173341 total)
D, [2018-07-11T17:33:58.143359 #21771] DEBUG -- : Read 1 bytes (173342 total)
D, [2018-07-11T17:33:58.143452 #21771] DEBUG -- : Read 1 bytes (173343 total)
D, [2018-07-11T17:33:58.143540 #21771] DEBUG -- : Read 1 bytes (173344 total)
D, [2018-07-11T17:33:58.143635 #21771] DEBUG -- : Read 1 bytes (173345 total)
D, [2018-07-11T17:33:58.143737 #21771] DEBUG -- : Read 1 bytes (173346 total)
D, [2018-07-11T17:33:58.144003 #21771] DEBUG -- : Read 1 bytes (173347 total)
D, [2018-07-11T17:33:58.144159 #21771] DEBUG -- : Read 1 bytes (173348 total)
D, [2018-07-11T17:33:58.144261 #21771] DEBUG -- : Read 1 bytes (173349 total)
D, [2018-07-11T17:33:58.144353 #21771] DEBUG -- : Read 1 bytes (173350 total)
D, [2018-07-11T17:33:58.144573 #21771] DEBUG -- : Read 1 bytes (173351 total)
D, [2018-07-11T17:33:58.144667 #21771] DEBUG -- : Read 1 bytes (173352 total)
D, [2018-07-11T17:33:58.144763 #21771] DEBUG -- : Read 1 bytes (173353 total)
D, [2018-07-11T17:33:58.144858 #21771] DEBUG -- : Read 998 bytes (174351 total)
D, [2018-07-11T17:33:58.145005 #21771] DEBUG -- : Read 1179 bytes (175530 total)
D, [2018-07-11T17:33:58.145205 #21771] DEBUG -- : Read 1179 bytes (176709 total)
D, [2018-07-11T17:33:58.145402 #21771] DEBUG -- : Read 1179 bytes (177888 total)
D, [2018-07-11T17:33:58.145527 #21771] DEBUG -- : Read 1179 bytes (179067 total)
D, [2018-07-11T17:33:58.145646 #21771] DEBUG -- : Read 1179 bytes (180246 total)
D, [2018-07-11T17:33:58.145762 #21771] DEBUG -- : Read 1179 bytes (181425 total)
D, [2018-07-11T17:33:58.145879 #21771] DEBUG -- : Read 1179 bytes (182604 total)
D, [2018-07-11T17:33:58.146010 #21771] DEBUG -- : Read 1179 bytes (183783 total)
D, [2018-07-11T17:33:58.146202 #21771] DEBUG -- : Read 1179 bytes (184962 total)
D, [2018-07-11T17:33:58.146354 #21771] DEBUG -- : Read 1179 bytes (186141 total)
D, [2018-07-11T17:33:58.146482 #21771] DEBUG -- : Read 1179 bytes (187320 total)
D, [2018-07-11T17:33:58.146639 #21771] DEBUG -- : Read 1179 bytes (188499 total)
D, [2018-07-11T17:33:58.146783 #21771] DEBUG -- : Read 1179 bytes (189678 total)
D, [2018-07-11T17:33:58.146897 #21771] DEBUG -- : Read 45 bytes (189723 total)
D, [2018-07-11T17:33:58.147065 #21771] DEBUG -- : Read 1 bytes (189724 total)
D, [2018-07-11T17:33:58.147167 #21771] DEBUG -- : Read 1 bytes (189725 total)
D, [2018-07-11T17:33:58.147259 #21771] DEBUG -- : Read 1 bytes (189726 total)
D, [2018-07-11T17:33:58.147352 #21771] DEBUG -- : Read 1 bytes (189727 total)
D, [2018-07-11T17:33:58.147439 #21771] DEBUG -- : Read 1 bytes (189728 total)
D, [2018-07-11T17:33:58.147525 #21771] DEBUG -- : Read 1 bytes (189729 total)
D, [2018-07-11T17:33:58.147778 #21771] DEBUG -- : Read 1 bytes (189730 total)
D, [2018-07-11T17:33:58.147900 #21771] DEBUG -- : Read 1 bytes (189731 total)
D, [2018-07-11T17:33:58.148004 #21771] DEBUG -- : Read 1 bytes (189732 total)
D, [2018-07-11T17:33:58.148093 #21771] DEBUG -- : Read 1 bytes (189733 total)
D, [2018-07-11T17:33:58.148172 #21771] DEBUG -- : Read 1 bytes (189734 total)
D, [2018-07-11T17:33:58.148432 #21771] DEBUG -- : Read 1 bytes (189735 total)
D, [2018-07-11T17:33:58.148568 #21771] DEBUG -- : Read 1 bytes (189736 total)
D, [2018-07-11T17:33:58.148671 #21771] DEBUG -- : Read 1 bytes (189737 total)
D, [2018-07-11T17:33:58.148762 #21771] DEBUG -- : Read 998 bytes (190735 total)
D, [2018-07-11T17:33:58.148899 #21771] DEBUG -- : Read 1179 bytes (191914 total)
D, [2018-07-11T17:33:58.149026 #21771] DEBUG -- : Read 1179 bytes (193093 total)
D, [2018-07-11T17:33:58.149292 #21771] DEBUG -- : Read 1179 bytes (194272 total)
D, [2018-07-11T17:33:58.149588 #21771] DEBUG -- : Read 1179 bytes (195451 total)
D, [2018-07-11T17:33:58.149776 #21771] DEBUG -- : Read 497 bytes (195948 total)
D, [2018-07-11T17:33:58.150112 #21771] DEBUG -- : gzip response
D, [2018-07-11T17:33:58.198906 #21771] DEBUG -- : saved cookie: 1P_JAR=2018-07-11-16
D, [2018-07-11T17:33:58.199458 #21771] DEBUG -- : saved cookie: CGIC=IgMqLyo
D, [2018-07-11T17:33:58.200068 #21771] DEBUG -- : saved cookie: CGIC=IgMqLyo
